<html>
<head>
<title>TestNG:  Test of Smoke Suite </title>
<link href="../testng.css" rel="stylesheet" type="text/css" />
<link href="../my-testng.css" rel="stylesheet" type="text/css" />

<style type="text/css">
.log { display: none;} 
.stack-trace { display: none;} 
</style>
<script type="text/javascript">
<!--
function flip(e) {
  current = e.style.display;
  if (current == 'block') {
    e.style.display = 'none';
    return 0;
  }
  else {
    e.style.display = 'block';
    return 1;
  }
}

function toggleBox(szDivId, elem, msg1, msg2)
{
  var res = -1;  if (document.getElementById) {
    res = flip(document.getElementById(szDivId));
  }
  else if (document.all) {
    // this is the way old msie versions work
    res = flip(document.all[szDivId]);
  }
  if(elem) {
    if(res == 0) elem.innerHTML = msg1; else elem.innerHTML = msg2;
  }

}

function toggleAllBoxes() {
  if (document.getElementsByTagName) {
    d = document.getElementsByTagName('div');
    for (i = 0; i < d.length; i++) {
      if (d[i].className == 'log') {
        flip(d[i]);
      }
    }
  }
}

// -->
</script>

</head>
<body>
<h2 align='center'>Test of Smoke Suite </h2><table border='1' align="center">
<tr>
<td>Tests passed/Failed/Skipped:</td><td>7/0/1</td>
</tr><tr>
<td>Started on:</td><td>Thu Aug 03 11:53:45 IST 2017</td>
</tr>
<tr><td>Total time:</td><td>1194 seconds (1194649 ms)</td>
</tr><tr>
<td>Included groups:</td><td></td>
</tr><tr>
<td>Excluded groups:</td><td></td>
</tr>
</table><p/>
<small><i>(Hover the method name to see the test class name)</i></small><p/>
<table width='100%' border='1' class='invocation-passed'>
<tr><td colspan='4' align='center'><b>PASSED TESTS</b></td></tr>
<tr><td><b>Test method</b></td>
<td width="30%"><b>Exception</b></td>
<td width="10%"><b>Time (seconds)</b></td>
<td><b>Instance</b></td>
</tr>
<tr>
<td title='com.vaticahealth.vatica.testsuits.SmokeSuite.tc_Smoke_1()'><b>tc_Smoke_1</b><br>Test class: com.vaticahealth.vatica.testsuits.SmokeSuite<br>Test method: login</td>
<td></td>
<td>38</td>
<td>com.vaticahealth.vatica.testsuits.SmokeSuite@4eaf3684</td></tr>
<tr>
<td title='com.vaticahealth.vatica.testsuits.SmokeSuite.tc_Smoke_2()'><b>tc_Smoke_2</b><br>Test class: com.vaticahealth.vatica.testsuits.SmokeSuite<br>Test method: hra creation</td>
<td></td>
<td>70</td>
<td>com.vaticahealth.vatica.testsuits.SmokeSuite@4eaf3684</td></tr>
<tr>
<td title='com.vaticahealth.vatica.testsuits.SmokeSuite.tc_Smoke_3()'><b>tc_Smoke_3</b><br>Test class: com.vaticahealth.vatica.testsuits.SmokeSuite<br>Test method: hra completion</td>
<td></td>
<td>257</td>
<td>com.vaticahealth.vatica.testsuits.SmokeSuite@4eaf3684</td></tr>
<tr>
<td title='com.vaticahealth.vatica.testsuits.SmokeSuite.tc_Smoke_4()'><b>tc_Smoke_4</b><br>Test class: com.vaticahealth.vatica.testsuits.SmokeSuite<br>Test method: T tab completion</td>
<td></td>
<td>138</td>
<td>com.vaticahealth.vatica.testsuits.SmokeSuite@4eaf3684</td></tr>
<tr>
<td title='com.vaticahealth.vatica.testsuits.SmokeSuite.tc_Smoke_5()'><b>tc_Smoke_5</b><br>Test class: com.vaticahealth.vatica.testsuits.SmokeSuite<br>Test method: D tab completion</td>
<td></td>
<td>199</td>
<td>com.vaticahealth.vatica.testsuits.SmokeSuite@4eaf3684</td></tr>
<tr>
<td title='com.vaticahealth.vatica.testsuits.SmokeSuite.tc_Smoke_6()'><b>tc_Smoke_6</b><br>Test class: com.vaticahealth.vatica.testsuits.SmokeSuite<br>Test method: PHP Test cases</td>
<td></td>
<td>212</td>
<td>com.vaticahealth.vatica.testsuits.SmokeSuite@4eaf3684</td></tr>
<tr>
<td title='com.vaticahealth.vatica.testsuits.SmokeSuite.tc_Smoke_7()'><b>tc_Smoke_7</b><br>Test class: com.vaticahealth.vatica.testsuits.SmokeSuite<br>Test method: Subsequent Visit</td>
<td></td>
<td>37</td>
<td>com.vaticahealth.vatica.testsuits.SmokeSuite@4eaf3684</td></tr>
</table><p>
<table width='100%' border='1' class='invocation-skipped'>
<tr><td colspan='4' align='center'><b>SKIPPED TESTS</b></td></tr>
<tr><td><b>Test method</b></td>
<td width="30%"><b>Exception</b></td>
<td width="10%"><b>Time (seconds)</b></td>
<td><b>Instance</b></td>
</tr>
<tr>
<td title='com.vaticahealth.vatica.testsuits.SmokeSuite.tc_Smoke_6()'><b>tc_Smoke_6</b><br>Test class: com.vaticahealth.vatica.testsuits.SmokeSuite<br>Test method: PHP Test cases</td>
<td><div><pre>org.openqa.selenium.WebDriverException: Element is not clickable at point (150, 603). Other element would receive the click: &lt;div class=&quot;blockUI blockOverlay&quot; style=&quot;z-index: 2000; border: medium none; margin: 0px; padding: 0px; width: 100%; height: 100%; top: 0px; left: 0px; background-color: rgb(0, 0, 0); opacity: 0.6; cursor: wait; position: fixed;&quot;&gt;&lt;/div&gt;
Command duration or timeout: 285 milliseconds
Build info: version: &apos;2.53.1&apos;, revision: &apos;a36b8b1cd5757287168e54b817830adce9b0158d&apos;, time: &apos;2016-06-30 19:26:09&apos;
System info: host: &apos;nitunp-L&apos;, ip: &apos;192.168.123.2&apos;, os.name: &apos;Windows 10&apos;, os.arch: &apos;amd64&apos;, os.version: &apos;10.0&apos;, java.version: &apos;1.8.0_111&apos;
Driver info: org.openqa.selenium.firefox.FirefoxDriver
Capabilities [{applicationCacheEnabled=true, rotatable=false, handlesAlerts=true, databaseEnabled=true, version=46.0.1, platform=WINDOWS, nativeEvents=false, acceptSslCerts=true, webStorageEnabled=true, locationContextEnabled=true, browserName=firefox, takesScreenshot=true, javascriptEnabled=true, cssSelectorsEnabled=true}]
Session ID: f57f1a94-da4b-4dc8-89bd-d619b4f63651
	at org.openqa.selenium.remote.ErrorHandler.createThrowable(ErrorHandler.java:206)
	at org.openqa.selenium.remote.ErrorHandler.throwIfResponseFailed(ErrorHandler.java:158)
	at org.openqa.selenium.remote.RemoteWebDriver.execute(RemoteWebDriver.java:678)
	at org.openqa.selenium.remote.RemoteWebElement.execute(RemoteWebElement.java:327)
	at org.openqa.selenium.remote.RemoteWebElement.click(RemoteWebElement.java:85)
	at org.openqa.selenium.support.pagefactory.internal.LocatingElementHandler.invoke(LocatingElementHandler.java:51)
	at com.sun.proxy.$Proxy11.click(Unknown Source)
	at com.vaticahealth.vatica.pages.PHP.searchButton(PHP.java:374)
	at com.vaticahealth.vatica.testcases.PHPTest.verifyOneRowOnPhp(PHPTest.java:140)
	at com.vaticahealth.vatica.testsuits.SmokeSuite.tc_Smoke_6(SmokeSuite.java:100)
... Removed 32 stack frames</pre></div><a href='#' onClick='toggleBox("stack-trace893640573", this, "Click to show all stack frames", "Click to hide stack frames")'>Click to show all stack frames</a>
<div class='stack-trace' id='stack-trace893640573'><pre>org.openqa.selenium.WebDriverException: Element is not clickable at point (150, 603). Other element would receive the click: &lt;div class=&quot;blockUI blockOverlay&quot; style=&quot;z-index: 2000; border: medium none; margin: 0px; padding: 0px; width: 100%; height: 100%; top: 0px; left: 0px; background-color: rgb(0, 0, 0); opacity: 0.6; cursor: wait; position: fixed;&quot;&gt;&lt;/div&gt;
Command duration or timeout: 285 milliseconds
Build info: version: &apos;2.53.1&apos;, revision: &apos;a36b8b1cd5757287168e54b817830adce9b0158d&apos;, time: &apos;2016-06-30 19:26:09&apos;
System info: host: &apos;nitunp-L&apos;, ip: &apos;192.168.123.2&apos;, os.name: &apos;Windows 10&apos;, os.arch: &apos;amd64&apos;, os.version: &apos;10.0&apos;, java.version: &apos;1.8.0_111&apos;
Driver info: org.openqa.selenium.firefox.FirefoxDriver
Capabilities [{applicationCacheEnabled=true, rotatable=false, handlesAlerts=true, databaseEnabled=true, version=46.0.1, platform=WINDOWS, nativeEvents=false, acceptSslCerts=true, webStorageEnabled=true, locationContextEnabled=true, browserName=firefox, takesScreenshot=true, javascriptEnabled=true, cssSelectorsEnabled=true}]
Session ID: f57f1a94-da4b-4dc8-89bd-d619b4f63651
	at sun.reflect.NativeConstructorAccessorImpl.newInstance0(Native Method)
	at sun.reflect.NativeConstructorAccessorImpl.newInstance(Unknown Source)
	at sun.reflect.DelegatingConstructorAccessorImpl.newInstance(Unknown Source)
	at java.lang.reflect.Constructor.newInstance(Unknown Source)
	at org.openqa.selenium.remote.ErrorHandler.createThrowable(ErrorHandler.java:206)
	at org.openqa.selenium.remote.ErrorHandler.throwIfResponseFailed(ErrorHandler.java:158)
	at org.openqa.selenium.remote.RemoteWebDriver.execute(RemoteWebDriver.java:678)
	at org.openqa.selenium.remote.RemoteWebElement.execute(RemoteWebElement.java:327)
	at org.openqa.selenium.remote.RemoteWebElement.click(RemoteWebElement.java:85)
	at sun.reflect.GeneratedMethodAccessor1.invoke(Unknown Source)
	at sun.reflect.DelegatingMethodAccessorImpl.invoke(Unknown Source)
	at java.lang.reflect.Method.invoke(Unknown Source)
	at org.openqa.selenium.support.pagefactory.internal.LocatingElementHandler.invoke(LocatingElementHandler.java:51)
	at com.sun.proxy.$Proxy11.click(Unknown Source)
	at com.vaticahealth.vatica.pages.PHP.searchButton(PHP.java:374)
	at com.vaticahealth.vatica.testcases.PHPTest.verifyOneRowOnPhp(PHPTest.java:140)
	at com.vaticahealth.vatica.testsuits.SmokeSuite.tc_Smoke_6(SmokeSuite.java:100)
	at sun.reflect.NativeMethodAccessorImpl.invoke0(Native Method)
	at sun.reflect.NativeMethodAccessorImpl.invoke(Unknown Source)
	at sun.reflect.DelegatingMethodAccessorImpl.invoke(Unknown Source)
	at java.lang.reflect.Method.invoke(Unknown Source)
	at org.testng.internal.MethodInvocationHelper.invokeMethod(MethodInvocationHelper.java:100)
	at org.testng.internal.Invoker.invokeMethod(Invoker.java:646)
	at org.testng.internal.Invoker.invokeTestMethod(Invoker.java:811)
	at org.testng.internal.Invoker.invokeTestMethods(Invoker.java:1137)
	at org.testng.internal.TestMethodWorker.invokeTestMethods(TestMethodWorker.java:129)
	at org.testng.internal.TestMethodWorker.run(TestMethodWorker.java:112)
	at org.testng.TestRunner.privateRun(TestRunner.java:753)
	at org.testng.TestRunner.run(TestRunner.java:607)
	at org.testng.SuiteRunner.runTest(SuiteRunner.java:368)
	at org.testng.SuiteRunner.runSequentially(SuiteRunner.java:363)
	at org.testng.SuiteRunner.privateRun(SuiteRunner.java:321)
	at org.testng.SuiteRunner.run(SuiteRunner.java:270)
	at org.testng.SuiteRunnerWorker.runSuite(SuiteRunnerWorker.java:52)
	at org.testng.SuiteRunnerWorker.run(SuiteRunnerWorker.java:86)
	at org.testng.TestNG.runSuitesSequentially(TestNG.java:1284)
	at org.testng.TestNG.runSuitesLocally(TestNG.java:1209)
	at org.testng.TestNG.runSuites(TestNG.java:1124)
	at org.testng.TestNG.run(TestNG.java:1096)
	at org.testng.remote.AbstractRemoteTestNG.run(AbstractRemoteTestNG.java:132)
	at org.testng.remote.RemoteTestNG.initAndRun(RemoteTestNG.java:236)
	at org.testng.remote.RemoteTestNG.main(RemoteTestNG.java:81)
</pre></div></td>
<td>69</td>
<td>com.vaticahealth.vatica.testsuits.SmokeSuite@4eaf3684</td></tr>
</table><p>
</body>
</html>