<?xml version="1.0" encoding="UTF-8"?>
<!-- Generated by org.testng.reporters.JUnitXMLReporter -->
<testsuite hostname="nitunp-L" name="Test of Create Hra Suite" tests="12" failures="1" timestamp="31 Jul 2017 06:43:56 GMT" time="1102.779" errors="0">
  <testcase name="tc_CreateHra_1" time="87.954" classname="com.vaticahealth.vatica.testsuits.CreateHraTestSuite"/>
  <testcase name="tc_CreateHra_2" time="68.069" classname="com.vaticahealth.vatica.testsuits.CreateHraTestSuite"/>
  <testcase name="tc_CreateHra_3" time="59.866" classname="com.vaticahealth.vatica.testsuits.CreateHraTestSuite"/>
  <testcase name="tc_CreateHra_4" time="64.294" classname="com.vaticahealth.vatica.testsuits.CreateHraTestSuite"/>
  <testcase name="tc_CreateHra_5" time="74.808" classname="com.vaticahealth.vatica.testsuits.CreateHraTestSuite"/>
  <testcase name="tc_CreateHra_6" time="88.875" classname="com.vaticahealth.vatica.testsuits.CreateHraTestSuite"/>
  <testcase name="tc_CreateHra_7" time="76.158" classname="com.vaticahealth.vatica.testsuits.CreateHraTestSuite"/>
  <testcase name="tc_CreateHra_8" time="83.2" classname="com.vaticahealth.vatica.testsuits.CreateHraTestSuite"/>
  <testcase name="tc_CreateHra_9" time="92.085" classname="com.vaticahealth.vatica.testsuits.CreateHraTestSuite"/>
  <testcase name="tc_CreateHra_10" time="68.872" classname="com.vaticahealth.vatica.testsuits.CreateHraTestSuite"/>
  <testcase name="tc_CreateHra_11" time="66.516" classname="com.vaticahealth.vatica.testsuits.CreateHraTestSuite">
    <skipped/>
  </testcase> <!-- tc_CreateHra_11 -->
  <testcase name="tc_CreateHra_11" time="65.78" classname="com.vaticahealth.vatica.testsuits.CreateHraTestSuite">
    <failure type="java.lang.AssertionError" message="expected [This patient is NOT eligible for either the AWV or the Welcome to Medicare Visit (IPPE) due to having one in the last calendar year (01/15/2017)] but found []">
      <![CDATA[java.lang.AssertionError: expected [This patient is NOT eligible for either the AWV or the Welcome to Medicare Visit (IPPE) due to having one in the last calendar year (01/15/2017)] but found []
	at com.vaticahealth.vatica.testcases.CreateHraTest.tc_CreateHra_11(CreateHraTest.java:274)
	at com.vaticahealth.vatica.testsuits.CreateHraTestSuite.tc_CreateHra_11(CreateHraTestSuite.java:130)
... Removed 31 stack frames]]>
    </failure>
  </testcase> <!-- tc_CreateHra_11 -->
</testsuite> <!-- Test of Create Hra Suite -->
