<?xml version="1.0" encoding="UTF-8"?>
<!-- Generated by org.testng.reporters.JUnitReportReporter -->
<testsuite skipped="21" hostname="nitunp-L" name="com.vaticahealth.vatica.testsuits.DiagnosisSuite" tests="22" failures="0" timestamp="31 Jul 2017 06:04:37 GMT" time="0.026" errors="1">
  <testcase name="tc_Diagnosis_24" time="0.001" classname="com.vaticahealth.vatica.testsuits.DiagnosisSuite">
    <skipped/>
  </testcase> <!-- tc_Diagnosis_24 -->
  <testcase name="tc_Diagnosis_21" time="0.001" classname="com.vaticahealth.vatica.testsuits.DiagnosisSuite">
    <skipped/>
  </testcase> <!-- tc_Diagnosis_21 -->
  <testcase name="tc_Diagnosis_23" time="0.001" classname="com.vaticahealth.vatica.testsuits.DiagnosisSuite">
    <skipped/>
  </testcase> <!-- tc_Diagnosis_23 -->
  <testcase name="tc_Diagnosis_8" time="0.001" classname="com.vaticahealth.vatica.testsuits.DiagnosisSuite">
    <skipped/>
  </testcase> <!-- tc_Diagnosis_8 -->
  <testcase name="tc_Diagnosis_6" time="0.001" classname="com.vaticahealth.vatica.testsuits.DiagnosisSuite">
    <skipped/>
  </testcase> <!-- tc_Diagnosis_6 -->
  <testcase name="tc_Diagnosis_22" time="0.000" classname="com.vaticahealth.vatica.testsuits.DiagnosisSuite">
    <skipped/>
  </testcase> <!-- tc_Diagnosis_22 -->
  <testcase name="setUpBeforeEveryTest" time="0.000" classname="com.vaticahealth.vatica.testsuits.DiagnosisSuite">
    <error type="java.lang.NullPointerException" message="null value in entry: url=null">
      <![CDATA[java.lang.NullPointerException: null value in entry: url=null
	at com.google.common.collect.CollectPreconditions.checkEntryNotNull(CollectPreconditions.java:33)
	at com.google.common.collect.SingletonImmutableBiMap.<init>(SingletonImmutableBiMap.java:39)
	at com.google.common.collect.ImmutableBiMap.of(ImmutableBiMap.java:49)
	at com.google.common.collect.ImmutableMap.of(ImmutableMap.java:70)
	at org.openqa.selenium.remote.RemoteWebDriver.get(RemoteWebDriver.java:316)
	at com.vaticahealth.vatica.config.TestAnnotation.setUpBeforeEveryTest(TestAnnotation.java:110)
	at sun.reflect.NativeMethodAccessorImpl.invoke0(Native Method)
	at sun.reflect.NativeMethodAccessorImpl.invoke(Unknown Source)
	at sun.reflect.DelegatingMethodAccessorImpl.invoke(Unknown Source)
	at java.lang.reflect.Method.invoke(Unknown Source)
	at org.testng.internal.MethodInvocationHelper.invokeMethod(MethodInvocationHelper.java:100)
	at org.testng.internal.Invoker.invokeConfigurationMethod(Invoker.java:515)
	at org.testng.internal.Invoker.invokeConfigurations(Invoker.java:216)
	at org.testng.internal.Invoker.invokeMethod(Invoker.java:590)
	at org.testng.internal.Invoker.invokeTestMethod(Invoker.java:811)
	at org.testng.internal.Invoker.invokeTestMethods(Invoker.java:1137)
	at org.testng.internal.TestMethodWorker.invokeTestMethods(TestMethodWorker.java:129)
	at org.testng.internal.TestMethodWorker.run(TestMethodWorker.java:112)
	at org.testng.TestRunner.privateRun(TestRunner.java:753)
	at org.testng.TestRunner.run(TestRunner.java:607)
	at org.testng.SuiteRunner.runTest(SuiteRunner.java:368)
	at org.testng.SuiteRunner.runSequentially(SuiteRunner.java:363)
	at org.testng.SuiteRunner.privateRun(SuiteRunner.java:321)
	at org.testng.SuiteRunner.run(SuiteRunner.java:270)
	at org.testng.SuiteRunnerWorker.runSuite(SuiteRunnerWorker.java:52)
	at org.testng.SuiteRunnerWorker.run(SuiteRunnerWorker.java:86)
	at org.testng.TestNG.runSuitesSequentially(TestNG.java:1284)
	at org.testng.TestNG.runSuitesLocally(TestNG.java:1209)
	at org.testng.TestNG.runSuites(TestNG.java:1124)
	at org.testng.TestNG.run(TestNG.java:1096)
	at org.testng.remote.AbstractRemoteTestNG.run(AbstractRemoteTestNG.java:132)
	at org.testng.remote.RemoteTestNG.initAndRun(RemoteTestNG.java:236)
	at org.testng.remote.RemoteTestNG.main(RemoteTestNG.java:81)
]]>
    </error>
  </testcase> <!-- setUpBeforeEveryTest -->
  <testcase name="tc_Diagnosis_16" time="0.002" classname="com.vaticahealth.vatica.testsuits.DiagnosisSuite">
    <skipped/>
  </testcase> <!-- tc_Diagnosis_16 -->
  <testcase name="tc_Diagnosis_19" time="0.002" classname="com.vaticahealth.vatica.testsuits.DiagnosisSuite">
    <skipped/>
  </testcase> <!-- tc_Diagnosis_19 -->
  <testcase name="tc_Diagnosis_11" time="0.002" classname="com.vaticahealth.vatica.testsuits.DiagnosisSuite">
    <skipped/>
  </testcase> <!-- tc_Diagnosis_11 -->
  <testcase name="tc_Diagnosis_12" time="0.001" classname="com.vaticahealth.vatica.testsuits.DiagnosisSuite">
    <skipped/>
  </testcase> <!-- tc_Diagnosis_12 -->
  <testcase name="tc_Diagnosis_13" time="0.001" classname="com.vaticahealth.vatica.testsuits.DiagnosisSuite">
    <skipped/>
  </testcase> <!-- tc_Diagnosis_13 -->
  <testcase name="tc_Diagnosis_20" time="0.001" classname="com.vaticahealth.vatica.testsuits.DiagnosisSuite">
    <skipped/>
  </testcase> <!-- tc_Diagnosis_20 -->
  <testcase name="tc_Diagnosis_2" time="0.002" classname="com.vaticahealth.vatica.testsuits.DiagnosisSuite">
    <skipped/>
  </testcase> <!-- tc_Diagnosis_2 -->
  <testcase name="tc_Diagnosis_7" time="0.001" classname="com.vaticahealth.vatica.testsuits.DiagnosisSuite">
    <skipped/>
  </testcase> <!-- tc_Diagnosis_7 -->
  <testcase name="tc_Diagnosis_5" time="0.001" classname="com.vaticahealth.vatica.testsuits.DiagnosisSuite">
    <skipped/>
  </testcase> <!-- tc_Diagnosis_5 -->
  <testcase name="tc_Diagnosis_14" time="0.001" classname="com.vaticahealth.vatica.testsuits.DiagnosisSuite">
    <skipped/>
  </testcase> <!-- tc_Diagnosis_14 -->
  <testcase name="tc_Diagnosis_18" time="0.003" classname="com.vaticahealth.vatica.testsuits.DiagnosisSuite">
    <skipped/>
  </testcase> <!-- tc_Diagnosis_18 -->
  <testcase name="tc_Diagnosis_9" time="0.001" classname="com.vaticahealth.vatica.testsuits.DiagnosisSuite">
    <skipped/>
  </testcase> <!-- tc_Diagnosis_9 -->
  <testcase name="tc_Diagnosis_10" time="0.001" classname="com.vaticahealth.vatica.testsuits.DiagnosisSuite">
    <skipped/>
  </testcase> <!-- tc_Diagnosis_10 -->
  <testcase name="tc_Diagnosis_15" time="0.001" classname="com.vaticahealth.vatica.testsuits.DiagnosisSuite">
    <skipped/>
  </testcase> <!-- tc_Diagnosis_15 -->
  <testcase name="tc_Diagnosis_17" time="0.001" classname="com.vaticahealth.vatica.testsuits.DiagnosisSuite">
    <skipped/>
  </testcase> <!-- tc_Diagnosis_17 -->
</testsuite> <!-- com.vaticahealth.vatica.testsuits.DiagnosisSuite -->
